<?xml version="1.0" encoding="UTF-8"?>
<testng-results skipped="0" failed="0" ignored="0" total="1" passed="1">
  <reporter-output>
  </reporter-output>
  <suite name="Default suite" duration-ms="84370" started-at="2018-08-13T09:15:01Z" finished-at="2018-08-13T09:16:26Z">
    <groups>
    </groups>
    <test name="Default test" duration-ms="84370" started-at="2018-08-13T09:15:01Z" finished-at="2018-08-13T09:16:26Z">
      <class name="nbc_testcases.TC006_TVEdropdown_should_have_ON_NOW_On_Demand_Full_Schedule_TV_listings">
        <test-method status="PASS" signature="beforeSuite()[pri:0, instance:nbc_testcases.TC006_TVEdropdown_should_have_ON_NOW_On_Demand_Full_Schedule_TV_listings@fcd6521]" name="beforeSuite" is-config="true" duration-ms="2100" started-at="2018-08-13T09:14:59Z" finished-at="2018-08-13T09:15:01Z">
          <reporter-output>
          </reporter-output>
        </test-method> <!-- beforeSuite -->
        <test-method status="PASS" signature="beforeTest()[pri:0, instance:nbc_testcases.TC006_TVEdropdown_should_have_ON_NOW_On_Demand_Full_Schedule_TV_listings@fcd6521]" name="beforeTest" is-config="true" duration-ms="0" started-at="2018-08-13T09:15:01Z" finished-at="2018-08-13T09:15:01Z">
          <reporter-output>
          </reporter-output>
        </test-method> <!-- beforeTest -->
        <test-method status="PASS" signature="setData()[pri:0, instance:nbc_testcases.TC006_TVEdropdown_should_have_ON_NOW_On_Demand_Full_Schedule_TV_listings@fcd6521]" name="setData" is-config="true" duration-ms="1" started-at="2018-08-13T09:15:01Z" finished-at="2018-08-13T09:15:01Z">
          <reporter-output>
          </reporter-output>
        </test-method> <!-- setData -->
        <test-method status="PASS" signature="beforeMethod()[pri:0, instance:nbc_testcases.TC006_TVEdropdown_should_have_ON_NOW_On_Demand_Full_Schedule_TV_listings@fcd6521]" name="beforeMethod" is-config="true" duration-ms="25752" started-at="2018-08-13T09:15:01Z" finished-at="2018-08-13T09:15:27Z">
          <reporter-output>
          </reporter-output>
        </test-method> <!-- beforeMethod -->
        <test-method status="PASS" signature="NbcPage()[pri:0, instance:nbc_testcases.TC006_TVEdropdown_should_have_ON_NOW_On_Demand_Full_Schedule_TV_listings@fcd6521]" name="NbcPage" duration-ms="58035" started-at="2018-08-13T09:15:27Z" finished-at="2018-08-13T09:16:25Z">
          <reporter-output>
          </reporter-output>
        </test-method> <!-- NbcPage -->
        <test-method status="PASS" signature="afterMethod()[pri:0, instance:nbc_testcases.TC006_TVEdropdown_should_have_ON_NOW_On_Demand_Full_Schedule_TV_listings@fcd6521]" name="afterMethod" is-config="true" duration-ms="508" started-at="2018-08-13T09:16:25Z" finished-at="2018-08-13T09:16:26Z">
          <reporter-output>
          </reporter-output>
        </test-method> <!-- afterMethod -->
        <test-method status="PASS" signature="afterTest()[pri:0, instance:nbc_testcases.TC006_TVEdropdown_should_have_ON_NOW_On_Demand_Full_Schedule_TV_listings@fcd6521]" name="afterTest" is-config="true" duration-ms="0" started-at="2018-08-13T09:16:26Z" finished-at="2018-08-13T09:16:26Z">
          <reporter-output>
          </reporter-output>
        </test-method> <!-- afterTest -->
        <test-method status="PASS" signature="afterSuite()[pri:0, instance:nbc_testcases.TC006_TVEdropdown_should_have_ON_NOW_On_Demand_Full_Schedule_TV_listings@fcd6521]" name="afterSuite" is-config="true" duration-ms="679" started-at="2018-08-13T09:16:26Z" finished-at="2018-08-13T09:16:26Z">
          <reporter-output>
          </reporter-output>
        </test-method> <!-- afterSuite -->
      </class> <!-- nbc_testcases.TC006_TVEdropdown_should_have_ON_NOW_On_Demand_Full_Schedule_TV_listings -->
    </test> <!-- Default test -->
  </suite> <!-- Default suite -->
</testng-results>
