<?xml version="1.0" encoding="UTF-8"?>
<!-- Generated by org.testng.reporters.JUnitXMLReporter -->
<testsuite hostname="Tringapps-Admins-MacBook-Pro-2.local" ignored="0" name="Test1" tests="1" failures="1" timestamp="28 Aug 2018 12:43:59 GMT" time="163.104" errors="0">
  <testcase name="NbcPage" time="97.972" classname="nbc_testcases.TC006_TVEdropdown_should_have_ON_NOW_On_Demand_Full_Schedule_TV_listings">
    <failure type="java.lang.RuntimeException" message="FAILED">
      <![CDATA[java.lang.RuntimeException: FAILED
at utils.Reporter.reportStep(Reporter.java:34)
at utils.Reporter.reportStep(Reporter.java:44)
at wdMethods.SeMethods.click(SeMethods.java:299)
at nbc_pages.NbcPage.clickfullschedule(NbcPage.java:166)
at nbc_testcases.TC006_TVEdropdown_should_have_ON_NOW_On_Demand_Full_Schedule_TV_listings.NbcPage(TC006_TVEdropdown_should_have_ON_NOW_On_Demand_Full_Schedule_TV_listings.java:26)
at java.util.concurrent.FutureTask.run(FutureTask.java:266)
at java.util.concurrent.ThreadPoolExecutor.runWorker(ThreadPoolExecutor.java:1149)
at java.util.concurrent.ThreadPoolExecutor$Worker.run(ThreadPoolExecutor.java:624)
at java.lang.Thread.run(Thread.java:748)
... Removed 16 stack frames]]>
    </failure>
  </testcase> <!-- NbcPage -->
</testsuite> <!-- Test1 -->
