<?xml version="1.0" encoding="UTF-8"?><testsuites time="4.29"><testsuite name="Testing page load with container elements" tests="9" failures="0" errors="0" time="4.29" timestamp="2015-06-23T18:39:16.282Z" package="load_check"><testcase name="HTTP status code is: 200" classname="load_check" time="4.26"></testcase><testcase name="The masthead area loaded correctly." classname="load_check" time="0.026"></testcase><testcase name="...is visible." classname="load_check" time="0.001"></testcase><testcase name="The body area loaded correctly." classname="load_check" time="0.001"></testcase><testcase name="...is visible." classname="load_check" time="0"></testcase><testcase name="The nav loaded correctly." classname="load_check" time="0.001"></testcase><testcase name="...is visible." classname="load_check" time="0"></testcase><testcase name="The footer area loaded correctly." classname="load_check" time="0.001"></testcase><testcase name="...is visible." classname="load_check" time="0"></testcase><system-out></system-out></testsuite></testsuites>